# JRE version: OpenJDK Runtime Environment (21.0.5) (build 21.0.5+-13047016-b750.29)
# Java VM: OpenJDK 64-Bit Server VM (21.0.5+-13047016-b750.29, mixed mode, tiered, compressed oops, compressed class ptrs, g1 gc, windows-amd64)
GC Precious Log:
 CardTable entry size: 512
 Card Set container configuration: InlinePtr #cards 5 size 8 Array Of Cards #cards 12 size 40 Howl #buckets 4 coarsen threshold 1843 Howl Bitmap #cards 512 size 80 coarsen threshold 460 Card regions per heap region 1 cards per card region 2048
 CPUs: 12 total, 12 available
 Memory: 7914M
 Large Page Support: Disabled
 NUMA Support: Disabled
 Compressed Oops: Enabled (32-bit)
 Heap Region Size: 1M
 Heap Min Capacity: 8M
 Heap Initial Capacity: 124M
 Heap Max Capacity: 1536M
 Pre-touch: Disabled
 Parallel Workers: 10
 Concurrent Workers: 3
 Concurrent Refinement Workers: 10
 Periodic GC: Disabled
Heap:
 garbage-first heap   total 303104K, used 193225K [0x00000000a0000000, 0x0000000100000000)
  region size 1024K, 15 young (15360K), 5 survivors (5120K)
 Metaspace       used 163073K, committed 165504K, reserved 1245184K
  class space    used 21437K, committed 22656K, reserved 1048576K
GC Heap History (20 events):
Event: 111.052 GC heap before
{Heap before GC invocations=58 (full 0):
 garbage-first heap   total 293888K, used 268802K [0x00000000a0000000, 0x0000000100000000)
  region size 1024K, 92 young (94208K), 9 survivors (9216K)
 Metaspace       used 127567K, committed 129856K, reserved 1179648K
  class space    used 16640K, committed 17856K, reserved 1048576K
}
Event: 111.091 GC heap after
{Heap after GC invocations=59 (full 0):
 garbage-first heap   total 293888K, used 163577K [0x00000000a0000000, 0x0000000100000000)
  region size 1024K, 6 young (6144K), 6 survivors (6144K)
 Metaspace       used 127567K, committed 129856K, reserved 1179648K
  class space    used 16640K, committed 17856K, reserved 1048576K
}
Event: 112.779 GC heap before
{Heap before GC invocations=59 (full 0):
 garbage-first heap   total 293888K, used 264953K [0x00000000a0000000, 0x0000000100000000)
  region size 1024K, 106 young (108544K), 6 survivors (6144K)
 Metaspace       used 127877K, committed 130240K, reserved 1179648K
  class space    used 16643K, committed 17856K, reserved 1048576K
}
Event: 112.811 GC heap after
{Heap after GC invocations=60 (full 0):
 garbage-first heap   total 293888K, used 169764K [0x00000000a0000000, 0x0000000100000000)
  region size 1024K, 14 young (14336K), 14 survivors (14336K)
 Metaspace       used 127877K, committed 130240K, reserved 1179648K
  class space    used 16643K, committed 17856K, reserved 1048576K
}
Event: 797.160 GC heap before
{Heap before GC invocations=60 (full 0):
 garbage-first heap   total 293888K, used 262948K [0x00000000a0000000, 0x0000000100000000)
  region size 1024K, 106 young (108544K), 14 survivors (14336K)
 Metaspace       used 128069K, committed 130368K, reserved 1179648K
  class space    used 16648K, committed 17856K, reserved 1048576K
}
Event: 797.216 GC heap after
{Heap after GC invocations=61 (full 0):
 garbage-first heap   total 293888K, used 175812K [0x00000000a0000000, 0x0000000100000000)
  region size 1024K, 6 young (6144K), 6 survivors (6144K)
 Metaspace       used 128069K, committed 130368K, reserved 1179648K
  class space    used 16648K, committed 17856K, reserved 1048576K
}
Event: 800.270 GC heap before
{Heap before GC invocations=62 (full 0):
 garbage-first heap   total 293888K, used 264900K [0x00000000a0000000, 0x0000000100000000)
  region size 1024K, 97 young (99328K), 6 survivors (6144K)
 Metaspace       used 128415K, committed 130688K, reserved 1179648K
  class space    used 16688K, committed 17856K, reserved 1048576K
}
Event: 800.305 GC heap after
{Heap after GC invocations=63 (full 0):
 garbage-first heap   total 293888K, used 183775K [0x00000000a0000000, 0x0000000100000000)
  region size 1024K, 13 young (13312K), 13 survivors (13312K)
 Metaspace       used 128415K, committed 130688K, reserved 1179648K
  class space    used 16688K, committed 17856K, reserved 1048576K
}
Event: 820.456 GC heap before
{Heap before GC invocations=63 (full 0):
 garbage-first heap   total 293888K, used 265695K [0x00000000a0000000, 0x0000000100000000)
  region size 1024K, 92 young (94208K), 13 survivors (13312K)
 Metaspace       used 132993K, committed 135360K, reserved 1179648K
  class space    used 17321K, committed 18560K, reserved 1048576K
}
Event: 820.488 GC heap after
{Heap after GC invocations=64 (full 0):
 garbage-first heap   total 303104K, used 181949K [0x00000000a0000000, 0x0000000100000000)
  region size 1024K, 12 young (12288K), 12 survivors (12288K)
 Metaspace       used 132993K, committed 135360K, reserved 1179648K
  class space    used 17321K, committed 18560K, reserved 1048576K
}
Event: 820.770 GC heap before
{Heap before GC invocations=64 (full 0):
 garbage-first heap   total 303104K, used 204477K [0x00000000a0000000, 0x0000000100000000)
  region size 1024K, 36 young (36864K), 12 survivors (12288K)
 Metaspace       used 133168K, committed 135488K, reserved 1179648K
  class space    used 17344K, committed 18560K, reserved 1048576K
}
Event: 820.780 GC heap after
{Heap after GC invocations=65 (full 0):
 garbage-first heap   total 303104K, used 178173K [0x00000000a0000000, 0x0000000100000000)
  region size 1024K, 2 young (2048K), 2 survivors (2048K)
 Metaspace       used 133168K, committed 135488K, reserved 1179648K
  class space    used 17344K, committed 18560K, reserved 1048576K
}
Event: 822.269 GC heap before
{Heap before GC invocations=66 (full 0):
 garbage-first heap   total 303104K, used 280573K [0x00000000a0000000, 0x0000000100000000)
  region size 1024K, 98 young (100352K), 2 survivors (2048K)
 Metaspace       used 145592K, committed 148032K, reserved 1179648K
  class space    used 18644K, committed 19904K, reserved 1048576K
}
Event: 822.283 GC heap after
{Heap after GC invocations=67 (full 0):
 garbage-first heap   total 303104K, used 190781K [0x00000000a0000000, 0x0000000100000000)
  region size 1024K, 13 young (13312K), 13 survivors (13312K)
 Metaspace       used 145592K, committed 148032K, reserved 1179648K
  class space    used 18644K, committed 19904K, reserved 1048576K
}
Event: 831.386 GC heap before
{Heap before GC invocations=67 (full 0):
 garbage-first heap   total 303104K, used 270653K [0x00000000a0000000, 0x0000000100000000)
  region size 1024K, 92 young (94208K), 13 survivors (13312K)
 Metaspace       used 148779K, committed 151168K, reserved 1179648K
  class space    used 19065K, committed 20288K, reserved 1048576K
}
Event: 831.414 GC heap after
{Heap after GC invocations=68 (full 0):
 garbage-first heap   total 303104K, used 169937K [0x00000000a0000000, 0x0000000100000000)
  region size 1024K, 11 young (11264K), 11 survivors (11264K)
 Metaspace       used 148779K, committed 151168K, reserved 1179648K
  class space    used 19065K, committed 20288K, reserved 1048576K
}
Event: 834.080 GC heap before
{Heap before GC invocations=68 (full 0):
 garbage-first heap   total 303104K, used 269265K [0x00000000a0000000, 0x0000000100000000)
  region size 1024K, 107 young (109568K), 11 survivors (11264K)
 Metaspace       used 150769K, committed 153152K, reserved 1245184K
  class space    used 19342K, committed 20544K, reserved 1048576K
}
Event: 834.099 GC heap after
{Heap after GC invocations=69 (full 0):
 garbage-first heap   total 303104K, used 180679K [0x00000000a0000000, 0x0000000100000000)
  region size 1024K, 9 young (9216K), 9 survivors (9216K)
 Metaspace       used 150769K, committed 153152K, reserved 1245184K
  class space    used 19342K, committed 20544K, reserved 1048576K
}
Event: 835.505 GC heap before
{Heap before GC invocations=69 (full 0):
 garbage-first heap   total 303104K, used 269767K [0x00000000a0000000, 0x0000000100000000)
  region size 1024K, 97 young (99328K), 9 survivors (9216K)
 Metaspace       used 161739K, committed 164160K, reserved 1245184K
  class space    used 21181K, committed 22400K, reserved 1048576K
}
Event: 835.515 GC heap after
{Heap after GC invocations=70 (full 0):
 garbage-first heap   total 303104K, used 185033K [0x00000000a0000000, 0x0000000100000000)
  region size 1024K, 5 young (5120K), 5 survivors (5120K)
 Metaspace       used 161739K, committed 164160K, reserved 1245184K
  class space    used 21181K, committed 22400K, reserved 1048576K
}

