# JRE version: OpenJDK Runtime Environment (21.0.5) (build 21.0.5+-13047016-b750.29)
# Java VM: OpenJDK 64-Bit Server VM (21.0.5+-13047016-b750.29, mixed mode, tiered, compressed oops, compressed class ptrs, g1 gc, windows-amd64)
GC Precious Log:
 CardTable entry size: 512
 Card Set container configuration: InlinePtr #cards 5 size 8 Array Of Cards #cards 12 size 40 Howl #buckets 4 coarsen threshold 1843 Howl Bitmap #cards 512 size 80 coarsen threshold 460 Card regions per heap region 1 cards per card region 2048
 CPUs: 12 total, 12 available
 Memory: 7914M
 Large Page Support: Disabled
 NUMA Support: Disabled
 Compressed Oops: Enabled (32-bit)
 Heap Region Size: 1M
 Heap Min Capacity: 8M
 Heap Initial Capacity: 124M
 Heap Max Capacity: 1536M
 Pre-touch: Disabled
 Parallel Workers: 10
 Concurrent Workers: 3
 Concurrent Refinement Workers: 10
 Periodic GC: Disabled
Heap:
 garbage-first heap   total 96256K, used 68791K [0x00000000a0000000, 0x0000000100000000)
  region size 1024K, 36 young (36864K), 4 survivors (4096K)
 Metaspace       used 62821K, committed 64384K, reserved 1114112K
  class space    used 8573K, committed 9344K, reserved 1048576K
GC Heap History (20 events):
Event: 2.079 GC heap before
{Heap before GC invocations=2 (full 0):
 garbage-first heap   total 126976K, used 59466K [0x00000000a0000000, 0x0000000100000000)
  region size 1024K, 50 young (51200K), 5 survivors (5120K)
 Metaspace       used 12913K, committed 13120K, reserved 1114112K
  class space    used 1406K, committed 1536K, reserved 1048576K
}
Event: 2.087 GC heap after
{Heap after GC invocations=3 (full 0):
 garbage-first heap   total 126976K, used 17149K [0x00000000a0000000, 0x0000000100000000)
  region size 1024K, 5 young (5120K), 5 survivors (5120K)
 Metaspace       used 12913K, committed 13120K, reserved 1114112K
  class space    used 1406K, committed 1536K, reserved 1048576K
}
Event: 3.359 GC heap before
{Heap before GC invocations=3 (full 0):
 garbage-first heap   total 126976K, used 44797K [0x00000000a0000000, 0x0000000100000000)
  region size 1024K, 33 young (33792K), 5 survivors (5120K)
 Metaspace       used 21216K, committed 21504K, reserved 1114112K
  class space    used 2454K, committed 2560K, reserved 1048576K
}
Event: 3.364 GC heap after
{Heap after GC invocations=4 (full 0):
 garbage-first heap   total 126976K, used 20457K [0x00000000a0000000, 0x0000000100000000)
  region size 1024K, 8 young (8192K), 8 survivors (8192K)
 Metaspace       used 21216K, committed 21504K, reserved 1114112K
  class space    used 2454K, committed 2560K, reserved 1048576K
}
Event: 4.528 GC heap before
{Heap before GC invocations=5 (full 0):
 garbage-first heap   total 68608K, used 68585K [0x00000000a0000000, 0x0000000100000000)
  region size 1024K, 55 young (56320K), 8 survivors (8192K)
 Metaspace       used 28941K, committed 29440K, reserved 1114112K
  class space    used 3694K, committed 3904K, reserved 1048576K
}
Event: 4.535 GC heap after
{Heap after GC invocations=6 (full 0):
 garbage-first heap   total 79872K, used 23164K [0x00000000a0000000, 0x0000000100000000)
  region size 1024K, 6 young (6144K), 6 survivors (6144K)
 Metaspace       used 28941K, committed 29440K, reserved 1114112K
  class space    used 3694K, committed 3904K, reserved 1048576K
}
Event: 5.221 GC heap before
{Heap before GC invocations=6 (full 0):
 garbage-first heap   total 79872K, used 64124K [0x00000000a0000000, 0x0000000100000000)
  region size 1024K, 46 young (47104K), 6 survivors (6144K)
 Metaspace       used 34518K, committed 35392K, reserved 1114112K
  class space    used 4605K, committed 5056K, reserved 1048576K
}
Event: 5.228 GC heap after
{Heap after GC invocations=7 (full 0):
 garbage-first heap   total 79872K, used 25894K [0x00000000a0000000, 0x0000000100000000)
  region size 1024K, 6 young (6144K), 6 survivors (6144K)
 Metaspace       used 34518K, committed 35392K, reserved 1114112K
  class space    used 4605K, committed 5056K, reserved 1048576K
}
Event: 5.342 GC heap before
{Heap before GC invocations=7 (full 0):
 garbage-first heap   total 79872K, used 31014K [0x00000000a0000000, 0x0000000100000000)
  region size 1024K, 12 young (12288K), 6 survivors (6144K)
 Metaspace       used 35125K, committed 35968K, reserved 1114112K
  class space    used 4719K, committed 5184K, reserved 1048576K
}
Event: 5.347 GC heap after
{Heap after GC invocations=8 (full 0):
 garbage-first heap   total 79872K, used 26506K [0x00000000a0000000, 0x0000000100000000)
  region size 1024K, 4 young (4096K), 4 survivors (4096K)
 Metaspace       used 35125K, committed 35968K, reserved 1114112K
  class space    used 4719K, committed 5184K, reserved 1048576K
}
Event: 5.906 GC heap before
{Heap before GC invocations=9 (full 0):
 garbage-first heap   total 79872K, used 67466K [0x00000000a0000000, 0x0000000100000000)
  region size 1024K, 44 young (45056K), 4 survivors (4096K)
 Metaspace       used 40732K, committed 41856K, reserved 1114112K
  class space    used 5593K, committed 6144K, reserved 1048576K
}
Event: 5.911 GC heap after
{Heap after GC invocations=10 (full 0):
 garbage-first heap   total 79872K, used 28945K [0x00000000a0000000, 0x0000000100000000)
  region size 1024K, 6 young (6144K), 6 survivors (6144K)
 Metaspace       used 40732K, committed 41856K, reserved 1114112K
  class space    used 5593K, committed 6144K, reserved 1048576K
}
Event: 6.339 GC heap before
{Heap before GC invocations=10 (full 0):
 garbage-first heap   total 79872K, used 66833K [0x00000000a0000000, 0x0000000100000000)
  region size 1024K, 44 young (45056K), 6 survivors (6144K)
 Metaspace       used 46247K, committed 47488K, reserved 1114112K
  class space    used 6157K, committed 6784K, reserved 1048576K
}
Event: 6.346 GC heap after
{Heap after GC invocations=11 (full 0):
 garbage-first heap   total 79872K, used 32216K [0x00000000a0000000, 0x0000000100000000)
  region size 1024K, 6 young (6144K), 6 survivors (6144K)
 Metaspace       used 46247K, committed 47488K, reserved 1114112K
  class space    used 6157K, committed 6784K, reserved 1048576K
}
Event: 6.688 GC heap before
{Heap before GC invocations=11 (full 0):
 garbage-first heap   total 79872K, used 68056K [0x00000000a0000000, 0x0000000100000000)
  region size 1024K, 41 young (41984K), 6 survivors (6144K)
 Metaspace       used 48064K, committed 49408K, reserved 1114112K
  class space    used 6437K, committed 7104K, reserved 1048576K
}
Event: 6.694 GC heap after
{Heap after GC invocations=12 (full 0):
 garbage-first heap   total 96256K, used 34413K [0x00000000a0000000, 0x0000000100000000)
  region size 1024K, 6 young (6144K), 6 survivors (6144K)
 Metaspace       used 48064K, committed 49408K, reserved 1114112K
  class space    used 6437K, committed 7104K, reserved 1048576K
}
Event: 7.646 GC heap before
{Heap before GC invocations=12 (full 0):
 garbage-first heap   total 96256K, used 84589K [0x00000000a0000000, 0x0000000100000000)
  region size 1024K, 53 young (54272K), 6 survivors (6144K)
 Metaspace       used 54981K, committed 56448K, reserved 1114112K
  class space    used 7385K, committed 8128K, reserved 1048576K
}
Event: 7.653 GC heap after
{Heap after GC invocations=13 (full 0):
 garbage-first heap   total 96256K, used 36987K [0x00000000a0000000, 0x0000000100000000)
  region size 1024K, 5 young (5120K), 5 survivors (5120K)
 Metaspace       used 54981K, committed 56448K, reserved 1114112K
  class space    used 7385K, committed 8128K, reserved 1048576K
}
Event: 8.426 GC heap before
{Heap before GC invocations=13 (full 0):
 garbage-first heap   total 96256K, used 62587K [0x00000000a0000000, 0x0000000100000000)
  region size 1024K, 31 young (31744K), 5 survivors (5120K)
 Metaspace       used 58617K, committed 60096K, reserved 1114112K
  class space    used 7889K, committed 8640K, reserved 1048576K
}
Event: 8.430 GC heap after
{Heap after GC invocations=14 (full 0):
 garbage-first heap   total 96256K, used 38071K [0x00000000a0000000, 0x0000000100000000)
  region size 1024K, 4 young (4096K), 4 survivors (4096K)
 Metaspace       used 58617K, committed 60096K, reserved 1114112K
  class space    used 7889K, committed 8640K, reserved 1048576K
}

